C51 COMPILER V9.60.0.0   TIMER0                                                            04/09/2024 21:20:17 PAGE 1   


C51 COMPILER V9.60.0.0, COMPILATION OF MODULE TIMER0
OBJECT MODULE PLACED IN .\Objects\Timer0.obj
COMPILER INVOKED BY: C:\Keil_v5\C51\BIN\C51.EXE Timer0.c OPTIMIZE(8,SPEED) BROWSE DEBUG OBJECTEXTEND PRINT(.\Listings\Ti
                    -mer0.lst) TABS(2) OBJECT(.\Objects\Timer0.obj)

line level    source

   1          #include "regx52.h"
   2          
   3          void Timer0_Init()
   4          {
   5   1        TMOD &= 0xF0; 
   6   1        TMOD |= 0x01;   
   7   1        TL0 = 0x18;   
   8   1        TH0 = 0xFC;   
   9   1        TF0 = 0;    
  10   1        TR0 = 1;    
  11   1        ET0  = 1;
  12   1        EA   = 1;
  13   1        PT0  = 0;
  14   1      }
  15          
  16          unsigned char Count=0;
  17          void Timer0_Rountine(void)  interrupt 1
  18          {
  19   1        TL0 = 0x18;   
  20   1        TH0 = 0xFC;   
  21   1        Count++;
  22   1        
  23   1        if (Count > 100)
  24   1        {
  25   2          Count =0; 
  26   2          P2_0 = ~P2_0;
  27   2        }
  28   1      
  29   1      }


MODULE INFORMATION:   STATIC OVERLAYABLE
   CODE SIZE        =     56    ----
   CONSTANT SIZE    =   ----    ----
   XDATA SIZE       =   ----    ----
   PDATA SIZE       =   ----    ----
   DATA SIZE        =      1    ----
   IDATA SIZE       =   ----    ----
   BIT SIZE         =   ----    ----
END OF MODULE INFORMATION.


C51 COMPILATION COMPLETE.  0 WARNING(S),  0 ERROR(S)
